<?xml version="1.0" encoding="UTF-8"?>
<robot generator="Robot 6.1.1 (Python 3.11.6 on win32)" generated="20231129 23:15:14.007" rpa="false" schemaversion="4">
<suite id="s1" name="testCases" source="c:\Users\xXjun\Documents\aY3Sem2\DOP\DevOps_Oct2023_TeamE_Prac02-1\tp\Industry Partners and Admission Guide\testCases.robot">
<test id="s1-t1" name="View Admission guide for O Level Students and Graduates" line="23">
<kw name="Open Browser" library="SeleniumLibrary">
<arg>${url}</arg>
<arg>chrome</arg>
<doc>Opens a new browser instance to the optional ``url``.</doc>
<msg timestamp="20231129 23:15:14.191" level="INFO">Opening browser 'chrome' to base url 'https://www.tp.edu.sg/home.html'.</msg>
<status status="PASS" starttime="20231129 23:15:14.191" endtime="20231129 23:15:17.212"/>
</kw>
<kw name="Maximize Browser Window" library="SeleniumLibrary">
<doc>Maximizes current browser window.</doc>
<status status="PASS" starttime="20231129 23:15:17.212" endtime="20231129 23:15:17.364"/>
</kw>
<kw name="Mouse Over" library="SeleniumLibrary">
<arg>xpath=/html/body/div[2]/div[2]/div/div[1]/ul/li[2]/div[1]</arg>
<doc>Simulates hovering the mouse over the element ``locator``.</doc>
<msg timestamp="20231129 23:15:17.367" level="INFO">Simulating Mouse Over on element 'xpath=/html/body/div[2]/div[2]/div/div[1]/ul/li[2]/div[1]'.</msg>
<status status="PASS" starttime="20231129 23:15:17.366" endtime="20231129 23:15:17.682"/>
</kw>
<kw name="Click Element" library="SeleniumLibrary">
<arg>xpath=/html/body/div[2]/div[2]/div/div[1]/ul/li[2]/div[2]/div/div[1]/a[1]</arg>
<doc>Click the element identified by ``locator``.</doc>
<msg timestamp="20231129 23:15:17.682" level="INFO">Clicking element 'xpath=/html/body/div[2]/div[2]/div/div[1]/ul/li[2]/div[2]/div/div[1]/a[1]'.</msg>
<status status="PASS" starttime="20231129 23:15:17.682" endtime="20231129 23:15:18.435"/>
</kw>
<kw name="Sleep" library="BuiltIn">
<arg>2</arg>
<doc>Pauses the test executed for the given time.</doc>
<msg timestamp="20231129 23:15:20.436" level="INFO">Slept 2 seconds</msg>
<status status="PASS" starttime="20231129 23:15:18.435" endtime="20231129 23:15:20.436"/>
</kw>
<kw name="Scroll Element Into View" library="SeleniumLibrary">
<arg>xpath=/html/body/div[3]/div[1]/div/div[3]/div/div/div[2]/div/div[1]/div/div/p[14]/a/b</arg>
<doc>Scrolls the element identified by ``locator`` into view.</doc>
<status status="PASS" starttime="20231129 23:15:20.436" endtime="20231129 23:15:20.720"/>
</kw>
<kw name="Sleep" library="BuiltIn">
<arg>2</arg>
<doc>Pauses the test executed for the given time.</doc>
<msg timestamp="20231129 23:15:22.723" level="INFO">Slept 2 seconds</msg>
<status status="PASS" starttime="20231129 23:15:20.720" endtime="20231129 23:15:22.723"/>
</kw>
<kw name="Capture Page Screenshot" library="SeleniumLibrary">
<doc>Takes a screenshot of the current page and embeds it into a log file.</doc>
<msg timestamp="20231129 23:15:22.839" level="INFO" html="true">&lt;/td&gt;&lt;/tr&gt;&lt;tr&gt;&lt;td colspan="3"&gt;&lt;a href="selenium-screenshot-1.png"&gt;&lt;img src="selenium-screenshot-1.png" width="800px"&gt;&lt;/a&gt;</msg>
<status status="PASS" starttime="20231129 23:15:22.723" endtime="20231129 23:15:22.839"/>
</kw>
<status status="PASS" starttime="20231129 23:15:14.187" endtime="20231129 23:15:22.839"/>
</test>
<status status="PASS" starttime="20231129 23:15:14.011" endtime="20231129 23:15:22.843"/>
</suite>
<statistics>
<total>
<stat pass="1" fail="0" skip="0">All Tests</stat>
</total>
<tag>
</tag>
<suite>
<stat pass="1" fail="0" skip="0" id="s1" name="testCases">testCases</stat>
</suite>
</statistics>
<errors>
</errors>
</robot>
