<?xml version="1.0" encoding="UTF-8"?>
<robot generator="Robot 6.1.1 (Python 3.11.6 on win32)" generated="20231129 23:02:29.426" rpa="false" schemaversion="4">
<suite id="s1" name="testCases" source="c:\Users\xXjun\Documents\aY3Sem2\DOP\DevOps_Oct2023_TeamE_Prac02-1\tp\Industry Partners\testCases.robot">
<test id="s1-t1" name="View more about TP's Industry Partners" line="12">
<kw name="Open Browser" library="SeleniumLibrary">
<arg>${url}</arg>
<arg>chrome</arg>
<doc>Opens a new browser instance to the optional ``url``.</doc>
<msg timestamp="20231129 23:02:29.714" level="INFO">Opening browser 'chrome' to base url 'https://www.tp.edu.sg/home.html'.</msg>
<status status="PASS" starttime="20231129 23:02:29.714" endtime="20231129 23:02:33.595"/>
</kw>
<kw name="Maximize Browser Window" library="SeleniumLibrary">
<doc>Maximizes current browser window.</doc>
<status status="PASS" starttime="20231129 23:02:33.599" endtime="20231129 23:02:33.725"/>
</kw>
<kw name="Mouse Over" library="SeleniumLibrary">
<arg>xpath=/html/body/div[2]/div[1]/div/nav/div[2]/div/ul/li[6]/a</arg>
<doc>Simulates hovering the mouse over the element ``locator``.</doc>
<msg timestamp="20231129 23:02:33.727" level="INFO">Simulating Mouse Over on element 'xpath=/html/body/div[2]/div[1]/div/nav/div[2]/div/ul/li[6]/a'.</msg>
<status status="PASS" starttime="20231129 23:02:33.726" endtime="20231129 23:02:34.084"/>
</kw>
<kw name="Click Element" library="SeleniumLibrary">
<arg>xpath=/html/body/div[2]/div[1]/div/nav/div[2]/div/ul/li[6]/a</arg>
<doc>Click the element identified by ``locator``.</doc>
<msg timestamp="20231129 23:02:34.084" level="INFO">Clicking element 'xpath=/html/body/div[2]/div[1]/div/nav/div[2]/div/ul/li[6]/a'.</msg>
<status status="PASS" starttime="20231129 23:02:34.084" endtime="20231129 23:02:35.212"/>
</kw>
<kw name="Sleep" library="BuiltIn">
<arg>2</arg>
<doc>Pauses the test executed for the given time.</doc>
<msg timestamp="20231129 23:02:37.215" level="INFO">Slept 2 seconds</msg>
<status status="PASS" starttime="20231129 23:02:35.212" endtime="20231129 23:02:37.215"/>
</kw>
<kw name="Scroll Element Into View" library="SeleniumLibrary">
<arg>xpath=/html/body/div[3]/div[1]/div/div[6]/div/div/h3</arg>
<doc>Scrolls the element identified by ``locator`` into view.</doc>
<status status="PASS" starttime="20231129 23:02:37.215" endtime="20231129 23:02:37.491"/>
</kw>
<kw name="Click Element" library="SeleniumLibrary">
<arg>xpath=/html/body/div[3]/div[1]/div/div[5]/div/div/div/div/div[2]/div/a</arg>
<doc>Click the element identified by ``locator``.</doc>
<msg timestamp="20231129 23:02:37.495" level="INFO">Clicking element 'xpath=/html/body/div[3]/div[1]/div/div[5]/div/div/div/div/div[2]/div/a'.</msg>
<status status="PASS" starttime="20231129 23:02:37.491" endtime="20231129 23:02:38.943"/>
</kw>
<kw name="Capture Page Screenshot" library="SeleniumLibrary">
<doc>Takes a screenshot of the current page and embeds it into a log file.</doc>
<msg timestamp="20231129 23:02:39.137" level="INFO" html="true">&lt;/td&gt;&lt;/tr&gt;&lt;tr&gt;&lt;td colspan="3"&gt;&lt;a href="selenium-screenshot-6.png"&gt;&lt;img src="selenium-screenshot-6.png" width="800px"&gt;&lt;/a&gt;</msg>
<status status="PASS" starttime="20231129 23:02:38.947" endtime="20231129 23:02:39.137"/>
</kw>
<status status="PASS" starttime="20231129 23:02:29.714" endtime="20231129 23:02:39.137"/>
</test>
<status status="PASS" starttime="20231129 23:02:29.430" endtime="20231129 23:02:39.141"/>
</suite>
<statistics>
<total>
<stat pass="1" fail="0" skip="0">All Tests</stat>
</total>
<tag>
</tag>
<suite>
<stat pass="1" fail="0" skip="0" id="s1" name="testCases">testCases</stat>
</suite>
</statistics>
<errors>
</errors>
</robot>
