<?xml version="1.0" encoding="UTF-8"?>
<robot generator="Robot 6.1.1 (Python 3.9.4 on win32)" generated="20231126 21:57:04.214" rpa="false" schemaversion="4">
<suite id="s1" name="tpTest" source="C:\Users\xinxn\Downloads\RobotTestcase\TestCases\tpTest.robot">
<test id="s1-t1" name="View CCAs" line="12">
<kw name="Open Browser" library="SeleniumLibrary">
<arg>${tp_URL}</arg>
<arg>chrome</arg>
<doc>Opens a new browser instance to the optional ``url``.</doc>
<msg timestamp="20231126 21:57:04.383" level="INFO">Opening browser 'chrome' to base url 'https://www.tp.edu.sg/home.html'.</msg>
<status status="PASS" starttime="20231126 21:57:04.383" endtime="20231126 21:57:09.817"/>
</kw>
<kw name="Maximize Browser Window" library="SeleniumLibrary">
<doc>Maximizes current browser window.</doc>
<status status="PASS" starttime="20231126 21:57:09.817" endtime="20231126 21:57:09.927"/>
</kw>
<kw name="Click Element" library="SeleniumLibrary">
<arg>xpath = /html/body/div[2]/div[2]/div/div[1]/ul/li[3]/div[1]</arg>
<doc>Click the element identified by ``locator``.</doc>
<msg timestamp="20231126 21:57:09.928" level="INFO">Clicking element 'xpath = /html/body/div[2]/div[2]/div/div[1]/ul/li[3]/div[1]'.</msg>
<status status="PASS" starttime="20231126 21:57:09.927" endtime="20231126 21:57:09.974"/>
</kw>
<kw name="Click Element" library="SeleniumLibrary">
<arg>xpath = /html/body/div[2]/div[2]/div/div[1]/ul/li[3]/div[2]/div/div[1]/a[5]</arg>
<doc>Click the element identified by ``locator``.</doc>
<msg timestamp="20231126 21:57:09.975" level="INFO">Clicking element 'xpath = /html/body/div[2]/div[2]/div/div[1]/ul/li[3]/div[2]/div/div[1]/a[5]'.</msg>
<status status="PASS" starttime="20231126 21:57:09.975" endtime="20231126 21:57:12.874"/>
</kw>
<kw name="Capture Page Screenshot" library="SeleniumLibrary">
<doc>Takes a screenshot of the current page and embeds it into a log file.</doc>
<msg timestamp="20231126 21:57:13.200" level="INFO" html="true">&lt;/td&gt;&lt;/tr&gt;&lt;tr&gt;&lt;td colspan="3"&gt;&lt;a href="selenium-screenshot-2.png"&gt;&lt;img src="selenium-screenshot-2.png" width="800px"&gt;&lt;/a&gt;</msg>
<status status="PASS" starttime="20231126 21:57:12.874" endtime="20231126 21:57:13.200"/>
</kw>
<kw name="Sleep" library="BuiltIn">
<arg>2s</arg>
<doc>Pauses the test executed for the given time.</doc>
<msg timestamp="20231126 21:57:15.202" level="INFO">Slept 2 seconds</msg>
<status status="PASS" starttime="20231126 21:57:13.201" endtime="20231126 21:57:15.202"/>
</kw>
<kw name="Close Browser" library="SeleniumLibrary">
<doc>Closes the current browser.</doc>
<status status="PASS" starttime="20231126 21:57:15.203" endtime="20231126 21:57:17.367"/>
</kw>
<status status="PASS" starttime="20231126 21:57:04.382" endtime="20231126 21:57:17.368"/>
</test>
<status status="PASS" starttime="20231126 21:57:04.215" endtime="20231126 21:57:17.373"/>
</suite>
<statistics>
<total>
<stat pass="1" fail="0" skip="0">All Tests</stat>
</total>
<tag>
</tag>
<suite>
<stat pass="1" fail="0" skip="0" id="s1" name="tpTest">tpTest</stat>
</suite>
</statistics>
<errors>
</errors>
</robot>
